<?xml version="1.0" ?>
<coverage version="7.10.6" timestamp="1758301031534" lines-valid="6" lines-covered="5" line-rate="0.8333" branches-covered="0" branches-valid="0" branch-rate="0" complexity="0">
	<!-- Generated by coverage.py: https://coverage.readthedocs.io/en/7.10.6 -->
	<!-- Based on https://raw.githubusercontent.com/cobertura/web/master/htdocs/xml/coverage-04.dtd -->
	<sources>
		<source>C:\Users\romai\Documents\Gemini CLI Agent\architect-of-proof</source>
	</sources>
	<packages>
		<package name="examples.pilot-python.src.core" line-rate="0.8333" branch-rate="0" complexity="0">
			<classes>
				<class name="api.py" filename="examples/pilot-python/src/core/api.py" complexity="0" line-rate="0.8333" branch-rate="0">
					<methods/>
					<lines>
						<line number="4" hits="1"/>
						<line number="6" hits="1"/>
						<line number="10" hits="1"/>
						<line number="12" hits="1"/>
						<line number="16" hits="1"/>
						<line number="19" hits="0"/>
					</lines>
				</class>
			</classes>
		</package>
	</packages>
</coverage>
